<?xml version="1.0" encoding="UTF-8"?>
<!-- Generated by org.testng.reporters.JUnitReportReporter -->
<testsuite hostname="happy" name="com.gso.test.testCalc" tests="1" failures="0" timestamp="1 Dec 2015 16:07:07 GMT" time="0.016" errors="0">
  <testcase name="f" time="0.016" classname="com.gso.test.testCalc"/>
</testsuite> <!-- com.gso.test.testCalc -->
